<?xml version="1.0" encoding="UTF-8"?>
<!DOCTYPE coverage SYSTEM "http://cobertura.sourceforge.net/xml/coverage-04.dtd">
<coverage line-rate="0.70877944325482" branch-rate="0" lines-covered="2648" lines-valid="3736" branches-covered="0" branches-valid="0" complexity="591" version="0.4" timestamp="1776696725">
  <sources>
    <source>/var/www/html/app</source>
  </sources>
  <packages>
    <package name="Console/Commands/LocalReset.php" line-rate="0" branch-rate="0" complexity="1">
      <classes>
        <class name="App\Console\Commands\LocalReset" filename="Console/Commands/LocalReset.php" line-rate="0" branch-rate="0" complexity="1">
          <methods>
            <method name="handle" signature="" line-rate="0" branch-rate="0" complexity="1">
              <lines>
                <line number="31" hits="0"/>
                <line number="32" hits="0"/>
              </lines>
            </method>
          </methods>
          <lines>
            <line number="31" hits="0"/>
            <line number="32" hits="0"/>
          </lines>
        </class>
      </classes>
    </package>
    <package name="Console/Commands/SimpleFinIntakeCommand.php" line-rate="0.94594594594595" branch-rate="0" complexity="10">
      <classes>
        <class name="App\Console\Commands\SimpleFinIntakeCommand" filename="Console/Commands/SimpleFinIntakeCommand.php" line-rate="0.94594594594595" branch-rate="0" complexity="10">
          <methods>
            <method name="handle" signature="" line-rate="1" branch-rate="0" complexity="7">
              <lines>
                <line number="30" hits="9"/>
                <line number="31" hits="9"/>
                <line number="33" hits="9"/>
                <line number="34" hits="9"/>
                <line number="36" hits="3"/>
                <line number="37" hits="1"/>
                <line number="38" hits="1"/>
                <line number="39" hits="1"/>
                <line number="43" hits="8"/>
                <line number="44" hits="4"/>
                <line number="46" hits="4"/>
                <line number="47" hits="1"/>
                <line number="48" hits="1"/>
                <line number="51" hits="3"/>
                <line number="53" hits="4"/>
                <line number="55" hits="4"/>
                <line number="56" hits="1"/>
                <line number="57" hits="1"/>
                <line number="60" hits="3"/>
                <line number="61" hits="3"/>
                <line number="65" hits="6"/>
              </lines>
            </method>
            <method name="processUser" signature="$user, $startDate" line-rate="0.875" branch-rate="0" complexity="3">
              <lines>
                <line number="77" hits="6"/>
                <line number="78" hits="0"/>
                <line number="79" hits="0"/>
                <line number="81" hits="6"/>
                <line number="82" hits="6"/>
                <line number="85" hits="6"/>
                <line number="86" hits="6"/>
                <line number="87" hits="6"/>
                <line number="88" hits="6"/>
                <line number="89" hits="6"/>
                <line number="90" hits="5"/>
                <line number="91" hits="6"/>
                <line number="92" hits="6"/>
                <line number="93" hits="5"/>
                <line number="94" hits="1"/>
                <line number="95" hits="1"/>
              </lines>
            </method>
          </methods>
          <lines>
            <line number="30" hits="9"/>
            <line number="31" hits="9"/>
            <line number="33" hits="9"/>
            <line number="34" hits="9"/>
            <line number="36" hits="3"/>
            <line number="37" hits="1"/>
            <line number="38" hits="1"/>
            <line number="39" hits="1"/>
            <line number="43" hits="8"/>
            <line number="44" hits="4"/>
            <line number="46" hits="4"/>
            <line number="47" hits="1"/>
            <line number="48" hits="1"/>
            <line number="51" hits="3"/>
            <line number="53" hits="4"/>
            <line number="55" hits="4"/>
            <line number="56" hits="1"/>
            <line number="57" hits="1"/>
            <line number="60" hits="3"/>
            <line number="61" hits="3"/>
            <line number="65" hits="6"/>
            <line number="77" hits="6"/>
            <line number="78" hits="0"/>
            <line number="79" hits="0"/>
            <line number="81" hits="6"/>
            <line number="82" hits="6"/>
            <line number="85" hits="6"/>
            <line number="86" hits="6"/>
            <line number="87" hits="6"/>
            <line number="88" hits="6"/>
            <line number="89" hits="6"/>
            <line number="90" hits="5"/>
            <line number="91" hits="6"/>
            <line number="92" hits="6"/>
            <line number="93" hits="5"/>
            <line number="94" hits="1"/>
            <line number="95" hits="1"/>
          </lines>
        </class>
      </classes>
    </package>
    <package name="Console/Kernel.php" line-rate="0.25" branch-rate="0" complexity="2">
      <classes>
        <class name="App\Console\Kernel" filename="Console/Kernel.php" line-rate="0.25" branch-rate="0" complexity="2">
          <methods>
            <method name="schedule" signature="Illuminate\Console\Scheduling\Schedule $schedule" line-rate="0" branch-rate="0" complexity="1">
              <lines>
                <line number="30" hits="0"/>
                <line number="31" hits="0"/>
                <line number="32" hits="0"/>
                <line number="33" hits="0"/>
                <line number="34" hits="0"/>
                <line number="35" hits="0"/>
              </lines>
            </method>
            <method name="commands" signature="" line-rate="1" branch-rate="0" complexity="1">
              <lines>
                <line number="45" hits="236"/>
                <line number="47" hits="236"/>
              </lines>
            </method>
          </methods>
          <lines>
            <line number="30" hits="0"/>
            <line number="31" hits="0"/>
            <line number="32" hits="0"/>
            <line number="33" hits="0"/>
            <line number="34" hits="0"/>
            <line number="35" hits="0"/>
            <line number="45" hits="236"/>
            <line number="47" hits="236"/>
          </lines>
        </class>
      </classes>
    </package>
    <package name="Enums/AccountType.php" line-rate="0" branch-rate="0" complexity="0">
      <classes>
        <class name="App\Enums\AccountType" filename="Enums/AccountType.php" line-rate="0" branch-rate="0" complexity="0">
          <methods/>
          <lines/>
        </class>
      </classes>
    </package>
    <package name="Enums/Period.php" line-rate="0.83333333333333" branch-rate="0" complexity="5">
      <classes>
        <class name="App\Enums\Period" filename="Enums/Period.php" line-rate="0.83333333333333" branch-rate="0" complexity="5">
          <methods>
            <method name="getCarbonMethods" signature="App\Enums\Period $period" line-rate="0.83333333333333" branch-rate="0" complexity="5">
              <lines>
                <line number="27" hits="5"/>
                <line number="28" hits="0"/>
                <line number="29" hits="1"/>
                <line number="30" hits="4"/>
                <line number="31" hits="5"/>
                <line number="32" hits="5"/>
              </lines>
            </method>
          </methods>
          <lines>
            <line number="27" hits="5"/>
            <line number="28" hits="0"/>
            <line number="29" hits="1"/>
            <line number="30" hits="4"/>
            <line number="31" hits="5"/>
            <line number="32" hits="5"/>
          </lines>
        </class>
      </classes>
    </package>
    <package name="Enums/PointsProgram.php" line-rate="0" branch-rate="0" complexity="0">
      <classes>
        <class name="App\Enums\PointsProgram" filename="Enums/PointsProgram.php" line-rate="0" branch-rate="0" complexity="0">
          <methods/>
          <lines/>
        </class>
      </classes>
    </package>
    <package name="Enums/ResetPeriod.php" line-rate="0" branch-rate="0" complexity="0">
      <classes>
        <class name="App\Enums\ResetPeriod" filename="Enums/ResetPeriod.php" line-rate="0" branch-rate="0" complexity="0">
          <methods/>
          <lines/>
        </class>
      </classes>
    </package>
    <package name="Enums/SpendSubtype.php" line-rate="0.88888888888889" branch-rate="0" complexity="3">
      <classes>
        <class name="App\Enums\SpendSubtype" filename="Enums/SpendSubtype.php" line-rate="0.88888888888889" branch-rate="0" complexity="3">
          <methods>
            <method name="getFilteredSet" signature="\App\Enums\SpendType|string|null $filterFor" line-rate="0.88888888888889" branch-rate="0" complexity="3">
              <lines>
                <line number="102" hits="67"/>
                <line number="103" hits="6"/>
                <line number="105" hits="64"/>
                <line number="106" hits="0"/>
                <line number="109" hits="64"/>
                <line number="110" hits="64"/>
                <line number="111" hits="64"/>
                <line number="112" hits="64"/>
                <line number="113" hits="64"/>
              </lines>
            </method>
          </methods>
          <lines>
            <line number="102" hits="67"/>
            <line number="103" hits="6"/>
            <line number="105" hits="64"/>
            <line number="106" hits="0"/>
            <line number="109" hits="64"/>
            <line number="110" hits="64"/>
            <line number="111" hits="64"/>
            <line number="112" hits="64"/>
            <line number="113" hits="64"/>
          </lines>
        </class>
      </classes>
    </package>
    <package name="Enums/SpendType.php" line-rate="0" branch-rate="0" complexity="0">
      <classes>
        <class name="App\Enums\SpendType" filename="Enums/SpendType.php" line-rate="0" branch-rate="0" complexity="0">
          <methods/>
          <lines/>
        </class>
      </classes>
    </package>
    <package name="Events/ContactReqCreated.php" line-rate="1" branch-rate="0" complexity="3">
      <classes>
        <class name="App\Events\ContactReqCreated" filename="Events/ContactReqCreated.php" line-rate="1" branch-rate="0" complexity="3">
          <methods>
            <method name="__construct" signature="App\Models\Contact $contact" line-rate="1" branch-rate="0" complexity="1">
              <lines>
                <line number="28" hits="4"/>
              </lines>
            </method>
            <method name="broadcastOn" signature="" line-rate="1" branch-rate="0" complexity="1">
              <lines>
                <line number="38" hits="4"/>
              </lines>
            </method>
            <method name="broadcastWith" signature="" line-rate="1" branch-rate="0" complexity="1">
              <lines>
                <line number="43" hits="4"/>
              </lines>
            </method>
          </methods>
          <lines>
            <line number="28" hits="4"/>
            <line number="38" hits="4"/>
            <line number="43" hits="4"/>
          </lines>
        </class>
      </classes>
    </package>
    <package name="Exceptions/Handler.php" line-rate="0.66666666666667" branch-rate="0" complexity="1">
      <classes>
        <class name="App\Exceptions\Handler" filename="Exceptions/Handler.php" line-rate="0.66666666666667" branch-rate="0" complexity="1">
          <methods>
            <method name="register" signature="" line-rate="0.66666666666667" branch-rate="0" complexity="1">
              <lines>
                <line number="38" hits="236"/>
                <line number="39" hits="0"/>
                <line number="40" hits="236"/>
              </lines>
            </method>
          </methods>
          <lines>
            <line number="38" hits="236"/>
            <line number="39" hits="0"/>
            <line number="40" hits="236"/>
          </lines>
        </class>
      </classes>
    </package>
    <package name="Filament/Forms/Fields/SpendAssociationField.php" line-rate="0.93103448275862" branch-rate="0" complexity="2">
      <classes>
        <class name="App\Filament\Forms\Fields\SpendAssociationField" filename="Filament/Forms/Fields/SpendAssociationField.php" line-rate="0.93103448275862" branch-rate="0" complexity="2">
          <methods>
            <method name="make" signature="string $name, bool $required" line-rate="0.93103448275862" branch-rate="0" complexity="2">
              <lines>
                <line number="14" hits="17"/>
                <line number="15" hits="17"/>
                <line number="16" hits="17"/>
                <line number="17" hits="17"/>
                <line number="18" hits="17"/>
                <line number="19" hits="17"/>
                <line number="20" hits="17"/>
                <line number="21" hits="17"/>
                <line number="22" hits="17"/>
                <line number="23" hits="17"/>
                <line number="24" hits="17"/>
                <line number="25" hits="0"/>
                <line number="26" hits="0"/>
                <line number="27" hits="17"/>
                <line number="28" hits="17"/>
                <line number="29" hits="17"/>
                <line number="30" hits="17"/>
                <line number="31" hits="17"/>
                <line number="32" hits="17"/>
                <line number="33" hits="17"/>
                <line number="34" hits="17"/>
                <line number="35" hits="10"/>
                <line number="36" hits="10"/>
                <line number="37" hits="17"/>
                <line number="38" hits="17"/>
                <line number="39" hits="17"/>
                <line number="40" hits="10"/>
                <line number="41" hits="10"/>
                <line number="42" hits="17"/>
                <line number="43" hits="17"/>
                <line number="44" hits="17"/>
                <line number="45" hits="17"/>
                <line number="46" hits="17"/>
                <line number="47" hits="17"/>
                <line number="48" hits="17"/>
                <line number="49" hits="17"/>
                <line number="50" hits="0"/>
                <line number="51" hits="0"/>
                <line number="52" hits="17"/>
                <line number="53" hits="17"/>
                <line number="54" hits="17"/>
                <line number="55" hits="17"/>
                <line number="56" hits="17"/>
                <line number="57" hits="17"/>
                <line number="58" hits="17"/>
                <line number="59" hits="2"/>
                <line number="60" hits="2"/>
                <line number="61" hits="17"/>
                <line number="62" hits="17"/>
                <line number="63" hits="17"/>
                <line number="64" hits="2"/>
                <line number="65" hits="2"/>
                <line number="66" hits="17"/>
                <line number="67" hits="17"/>
                <line number="68" hits="17"/>
                <line number="70" hits="17"/>
                <line number="71" hits="13"/>
                <line number="74" hits="17"/>
              </lines>
            </method>
          </methods>
          <lines>
            <line number="14" hits="17"/>
            <line number="15" hits="17"/>
            <line number="16" hits="17"/>
            <line number="17" hits="17"/>
            <line number="18" hits="17"/>
            <line number="19" hits="17"/>
            <line number="20" hits="17"/>
            <line number="21" hits="17"/>
            <line number="22" hits="17"/>
            <line number="23" hits="17"/>
            <line number="24" hits="17"/>
            <line number="25" hits="0"/>
            <line number="26" hits="0"/>
            <line number="27" hits="17"/>
            <line number="28" hits="17"/>
            <line number="29" hits="17"/>
            <line number="30" hits="17"/>
            <line number="31" hits="17"/>
            <line number="32" hits="17"/>
            <line number="33" hits="17"/>
            <line number="34" hits="17"/>
            <line number="35" hits="10"/>
            <line number="36" hits="10"/>
            <line number="37" hits="17"/>
            <line number="38" hits="17"/>
            <line number="39" hits="17"/>
            <line number="40" hits="10"/>
            <line number="41" hits="10"/>
            <line number="42" hits="17"/>
            <line number="43" hits="17"/>
            <line number="44" hits="17"/>
            <line number="45" hits="17"/>
            <line number="46" hits="17"/>
            <line number="47" hits="17"/>
            <line number="48" hits="17"/>
            <line number="49" hits="17"/>
            <line number="50" hits="0"/>
            <line number="51" hits="0"/>
            <line number="52" hits="17"/>
            <line number="53" hits="17"/>
            <line number="54" hits="17"/>
            <line number="55" hits="17"/>
            <line number="56" hits="17"/>
            <line number="57" hits="17"/>
            <line number="58" hits="17"/>
            <line number="59" hits="2"/>
            <line number="60" hits="2"/>
            <line number="61" hits="17"/>
            <line number="62" hits="17"/>
            <line number="63" hits="17"/>
            <line number="64" hits="2"/>
            <line number="65" hits="2"/>
            <line number="66" hits="17"/>
            <line number="67" hits="17"/>
            <line number="68" hits="17"/>
            <line number="70" hits="17"/>
            <line number="71" hits="13"/>
            <line number="74" hits="17"/>
          </lines>
        </class>
      </classes>
    </package>
    <package name="Filament/Resources/AccountResource.php" line-rate="1" branch-rate="0" complexity="6">
      <classes>
        <class name="App\Filament\Resources\AccountResource" filename="Filament/Resources/AccountResource.php" line-rate="1" branch-rate="0" complexity="6">
          <methods>
            <method name="form" signature="Filament\Schemas\Schema $schema" line-rate="1" branch-rate="0" complexity="4">
              <lines>
                <line number="34" hits="7"/>
                <line number="35" hits="7"/>
                <line number="36" hits="7"/>
                <line number="37" hits="7"/>
                <line number="38" hits="7"/>
                <line number="39" hits="7"/>
                <line number="40" hits="7"/>
                <line number="41" hits="7"/>
                <line number="42" hits="7"/>
                <line number="43" hits="7"/>
                <line number="44" hits="7"/>
                <line number="45" hits="7"/>
                <line number="46" hits="7"/>
                <line number="47" hits="7"/>
                <line number="48" hits="7"/>
                <line number="49" hits="5"/>
                <line number="50" hits="5"/>
                <line number="51" hits="3"/>
                <line number="53" hits="5"/>
                <line number="54" hits="7"/>
                <line number="55" hits="7"/>
                <line number="56" hits="7"/>
                <line number="57" hits="7"/>
                <line number="58" hits="7"/>
                <line number="60" hits="1"/>
                <line number="61" hits="1"/>
                <line number="62" hits="1"/>
                <line number="63" hits="1"/>
                <line number="64" hits="1"/>
                <line number="65" hits="1"/>
                <line number="67" hits="1"/>
                <line number="68" hits="1"/>
                <line number="69" hits="1"/>
                <line number="70" hits="1"/>
                <line number="71" hits="1"/>
                <line number="73" hits="7"/>
                <line number="74" hits="7"/>
              </lines>
            </method>
            <method name="table" signature="Filament\Tables\Table $table" line-rate="1" branch-rate="0" complexity="1">
              <lines>
                <line number="79" hits="9"/>
                <line number="80" hits="9"/>
                <line number="81" hits="9"/>
                <line number="82" hits="9"/>
                <line number="83" hits="9"/>
                <line number="84" hits="9"/>
                <line number="85" hits="9"/>
                <line number="86" hits="9"/>
                <line number="87" hits="9"/>
                <line number="88" hits="9"/>
                <line number="89" hits="9"/>
                <line number="90" hits="9"/>
                <line number="91" hits="9"/>
                <line number="92" hits="9"/>
                <line number="93" hits="9"/>
                <line number="94" hits="9"/>
                <line number="95" hits="9"/>
                <line number="96" hits="9"/>
                <line number="97" hits="9"/>
                <line number="98" hits="9"/>
                <line number="99" hits="9"/>
                <line number="100" hits="9"/>
                <line number="101" hits="9"/>
                <line number="102" hits="9"/>
                <line number="103" hits="9"/>
                <line number="104" hits="9"/>
                <line number="105" hits="9"/>
                <line number="106" hits="9"/>
                <line number="107" hits="9"/>
                <line number="108" hits="9"/>
                <line number="109" hits="9"/>
              </lines>
            </method>
            <method name="getPages" signature="" line-rate="1" branch-rate="0" complexity="1">
              <lines>
                <line number="114" hits="236"/>
                <line number="115" hits="236"/>
                <line number="116" hits="236"/>
              </lines>
            </method>
          </methods>
          <lines>
            <line number="34" hits="7"/>
            <line number="35" hits="7"/>
            <line number="36" hits="7"/>
            <line number="37" hits="7"/>
            <line number="38" hits="7"/>
            <line number="39" hits="7"/>
            <line number="40" hits="7"/>
            <line number="41" hits="7"/>
            <line number="42" hits="7"/>
            <line number="43" hits="7"/>
            <line number="44" hits="7"/>
            <line number="45" hits="7"/>
            <line number="46" hits="7"/>
            <line number="47" hits="7"/>
            <line number="48" hits="7"/>
            <line number="49" hits="5"/>
            <line number="50" hits="5"/>
            <line number="51" hits="3"/>
            <line number="53" hits="5"/>
            <line number="54" hits="7"/>
            <line number="55" hits="7"/>
            <line number="56" hits="7"/>
            <line number="57" hits="7"/>
            <line number="58" hits="7"/>
            <line number="60" hits="1"/>
            <line number="61" hits="1"/>
            <line number="62" hits="1"/>
            <line number="63" hits="1"/>
            <line number="64" hits="1"/>
            <line number="65" hits="1"/>
            <line number="67" hits="1"/>
            <line number="68" hits="1"/>
            <line number="69" hits="1"/>
            <line number="70" hits="1"/>
            <line number="71" hits="1"/>
            <line number="73" hits="7"/>
            <line number="74" hits="7"/>
            <line number="79" hits="9"/>
            <line number="80" hits="9"/>
            <line number="81" hits="9"/>
            <line number="82" hits="9"/>
            <line number="83" hits="9"/>
            <line number="84" hits="9"/>
            <line number="85" hits="9"/>
            <line number="86" hits="9"/>
            <line number="87" hits="9"/>
            <line number="88" hits="9"/>
            <line number="89" hits="9"/>
            <line number="90" hits="9"/>
            <line number="91" hits="9"/>
            <line number="92" hits="9"/>
            <line number="93" hits="9"/>
            <line number="94" hits="9"/>
            <line number="95" hits="9"/>
            <line number="96" hits="9"/>
            <line number="97" hits="9"/>
            <line number="98" hits="9"/>
            <line number="99" hits="9"/>
            <line number="100" hits="9"/>
            <line number="101" hits="9"/>
            <line number="102" hits="9"/>
            <line number="103" hits="9"/>
            <line number="104" hits="9"/>
            <line number="105" hits="9"/>
            <line number="106" hits="9"/>
            <line number="107" hits="9"/>
            <line number="108" hits="9"/>
            <line number="109" hits="9"/>
            <line number="114" hits="236"/>
            <line number="115" hits="236"/>
            <line number="116" hits="236"/>
          </lines>
        </class>
      </classes>
    </package>
    <package name="Filament/Resources/AccountResource/Pages/ManageAccounts.php" line-rate="1" branch-rate="0" complexity="1">
      <classes>
        <class name="App\Filament\Resources\AccountResource\Pages\ManageAccounts" filename="Filament/Resources/AccountResource/Pages/ManageAccounts.php" line-rate="1" branch-rate="0" complexity="1">
          <methods>
            <method name="getHeaderActions" signature="" line-rate="1" branch-rate="0" complexity="1">
              <lines>
                <line number="16" hits="9"/>
                <line number="17" hits="9"/>
                <line number="18" hits="9"/>
              </lines>
            </method>
          </methods>
          <lines>
            <line number="16" hits="9"/>
            <line number="17" hits="9"/>
            <line number="18" hits="9"/>
          </lines>
        </class>
      </classes>
    </package>
    <package name="Filament/Resources/ActivityResource.php" line-rate="1" branch-rate="0" complexity="8">
      <classes>
        <class name="App\Filament\Resources\ActivityResource" filename="Filament/Resources/ActivityResource.php" line-rate="1" branch-rate="0" complexity="8">
          <methods>
            <method name="form" signature="Filament\Schemas\Schema $schema" line-rate="1" branch-rate="0" complexity="1">
              <lines>
                <line number="40" hits="12"/>
                <line number="41" hits="12"/>
                <line number="42" hits="12"/>
                <line number="43" hits="12"/>
                <line number="44" hits="12"/>
                <line number="45" hits="12"/>
                <line number="46" hits="12"/>
                <line number="47" hits="12"/>
                <line number="48" hits="12"/>
                <line number="49" hits="12"/>
                <line number="51" hits="12"/>
                <line number="52" hits="12"/>
                <line number="53" hits="12"/>
                <line number="54" hits="12"/>
              </lines>
            </method>
            <method name="splitStartEndDate" signature="array $data" line-rate="1" branch-rate="0" complexity="1">
              <lines>
                <line number="59" hits="7"/>
                <line number="60" hits="7"/>
                <line number="61" hits="7"/>
                <line number="62" hits="7"/>
                <line number="64" hits="7"/>
              </lines>
            </method>
            <method name="combineStartEndDate" signature="array $data" line-rate="1" branch-rate="0" complexity="1">
              <lines>
                <line number="69" hits="15"/>
                <line number="70" hits="15"/>
                <line number="71" hits="15"/>
                <line number="73" hits="15"/>
              </lines>
            </method>
            <method name="table" signature="Filament\Tables\Table $table" line-rate="1" branch-rate="0" complexity="2">
              <lines>
                <line number="78" hits="4"/>
                <line number="79" hits="4"/>
                <line number="80" hits="4"/>
                <line number="81" hits="4"/>
                <line number="83" hits="4"/>
                <line number="85" hits="4"/>
                <line number="86" hits="4"/>
                <line number="87" hits="4"/>
                <line number="88" hits="4"/>
                <line number="89" hits="4"/>
                <line number="90" hits="4"/>
                <line number="91" hits="4"/>
                <line number="92" hits="4"/>
                <line number="94" hits="4"/>
                <line number="95" hits="4"/>
                <line number="96" hits="4"/>
                <line number="98" hits="4"/>
                <line number="99" hits="4"/>
                <line number="100" hits="4"/>
                <line number="102" hits="4"/>
                <line number="103" hits="4"/>
                <line number="104" hits="4"/>
                <line number="106" hits="4"/>
                <line number="107" hits="4"/>
                <line number="108" hits="4"/>
                <line number="109" hits="4"/>
                <line number="110" hits="4"/>
                <line number="111" hits="4"/>
                <line number="112" hits="4"/>
                <line number="113" hits="4"/>
                <line number="114" hits="4"/>
                <line number="115" hits="4"/>
                <line number="116" hits="4"/>
                <line number="117" hits="4"/>
                <line number="118" hits="4"/>
                <line number="119" hits="4"/>
                <line number="120" hits="4"/>
                <line number="121" hits="4"/>
                <line number="122" hits="4"/>
                <line number="123" hits="4"/>
                <line number="124" hits="4"/>
                <line number="125" hits="4"/>
                <line number="126" hits="4"/>
                <line number="127" hits="4"/>
                <line number="128" hits="4"/>
                <line number="129" hits="4"/>
                <line number="130" hits="4"/>
                <line number="131" hits="4"/>
              </lines>
            </method>
            <method name="getPages" signature="" line-rate="1" branch-rate="0" complexity="1">
              <lines>
                <line number="136" hits="236"/>
                <line number="137" hits="236"/>
                <line number="138" hits="236"/>
                <line number="139" hits="236"/>
                <line number="140" hits="236"/>
              </lines>
            </method>
            <method name="getRelations" signature="" line-rate="1" branch-rate="0" complexity="1">
              <lines>
                <line number="145" hits="236"/>
                <line number="146" hits="236"/>
                <line number="147" hits="236"/>
                <line number="148" hits="236"/>
              </lines>
            </method>
            <method name="getGloballySearchableAttributes" signature="" line-rate="1" branch-rate="0" complexity="1">
              <lines>
                <line number="153" hits="48"/>
              </lines>
            </method>
          </methods>
          <lines>
            <line number="40" hits="12"/>
            <line number="41" hits="12"/>
            <line number="42" hits="12"/>
            <line number="43" hits="12"/>
            <line number="44" hits="12"/>
            <line number="45" hits="12"/>
            <line number="46" hits="12"/>
            <line number="47" hits="12"/>
            <line number="48" hits="12"/>
            <line number="49" hits="12"/>
            <line number="51" hits="12"/>
            <line number="52" hits="12"/>
            <line number="53" hits="12"/>
            <line number="54" hits="12"/>
            <line number="59" hits="7"/>
            <line number="60" hits="7"/>
            <line number="61" hits="7"/>
            <line number="62" hits="7"/>
            <line number="64" hits="7"/>
            <line number="69" hits="15"/>
            <line number="70" hits="15"/>
            <line number="71" hits="15"/>
            <line number="73" hits="15"/>
            <line number="78" hits="4"/>
            <line number="79" hits="4"/>
            <line number="80" hits="4"/>
            <line number="81" hits="4"/>
            <line number="83" hits="4"/>
            <line number="85" hits="4"/>
            <line number="86" hits="4"/>
            <line number="87" hits="4"/>
            <line number="88" hits="4"/>
            <line number="89" hits="4"/>
            <line number="90" hits="4"/>
            <line number="91" hits="4"/>
            <line number="92" hits="4"/>
            <line number="94" hits="4"/>
            <line number="95" hits="4"/>
            <line number="96" hits="4"/>
            <line number="98" hits="4"/>
            <line number="99" hits="4"/>
            <line number="100" hits="4"/>
            <line number="102" hits="4"/>
            <line number="103" hits="4"/>
            <line number="104" hits="4"/>
            <line number="106" hits="4"/>
            <line number="107" hits="4"/>
            <line number="108" hits="4"/>
            <line number="109" hits="4"/>
            <line number="110" hits="4"/>
            <line number="111" hits="4"/>
            <line number="112" hits="4"/>
            <line number="113" hits="4"/>
            <line number="114" hits="4"/>
            <line number="115" hits="4"/>
            <line number="116" hits="4"/>
            <line number="117" hits="4"/>
            <line number="118" hits="4"/>
            <line number="119" hits="4"/>
            <line number="120" hits="4"/>
            <line number="121" hits="4"/>
            <line number="122" hits="4"/>
            <line number="123" hits="4"/>
            <line number="124" hits="4"/>
            <line number="125" hits="4"/>
            <line number="126" hits="4"/>
            <line number="127" hits="4"/>
            <line number="128" hits="4"/>
            <line number="129" hits="4"/>
            <line number="130" hits="4"/>
            <line number="131" hits="4"/>
            <line number="136" hits="236"/>
            <line number="137" hits="236"/>
            <line number="138" hits="236"/>
            <line number="139" hits="236"/>
            <line number="140" hits="236"/>
            <line number="145" hits="236"/>
            <line number="146" hits="236"/>
            <line number="147" hits="236"/>
            <line number="148" hits="236"/>
            <line number="153" hits="48"/>
          </lines>
        </class>
      </classes>
    </package>
    <package name="Filament/Resources/ActivityResource/Pages/CreateActivity.php" line-rate="1" branch-rate="0" complexity="2">
      <classes>
        <class name="App\Filament\Resources\ActivityResource\Pages\CreateActivity" filename="Filament/Resources/ActivityResource/Pages/CreateActivity.php" line-rate="1" branch-rate="0" complexity="2">
          <methods>
            <method name="getActions" signature="" line-rate="1" branch-rate="0" complexity="1">
              <lines>
                <line number="14" hits="4"/>
                <line number="16" hits="4"/>
              </lines>
            </method>
            <method name="mutateFormDataBeforeCreate" signature="array $data" line-rate="1" branch-rate="0" complexity="1">
              <lines>
                <line number="21" hits="2"/>
              </lines>
            </method>
          </methods>
          <lines>
            <line number="14" hits="4"/>
            <line number="16" hits="4"/>
            <line number="21" hits="2"/>
          </lines>
        </class>
      </classes>
    </package>
    <package name="Filament/Resources/ActivityResource/Pages/EditActivity.php" line-rate="1" branch-rate="0" complexity="3">
      <classes>
        <class name="App\Filament\Resources\ActivityResource\Pages\EditActivity" filename="Filament/Resources/ActivityResource/Pages/EditActivity.php" line-rate="1" branch-rate="0" complexity="3">
          <methods>
            <method name="getActions" signature="" line-rate="1" branch-rate="0" complexity="1">
              <lines>
                <line number="15" hits="8"/>
                <line number="16" hits="8"/>
                <line number="17" hits="8"/>
              </lines>
            </method>
            <method name="mutateFormDataBeforeSave" signature="array $data" line-rate="1" branch-rate="0" complexity="1">
              <lines>
                <line number="22" hits="2"/>
              </lines>
            </method>
            <method name="mutateFormDataBeforeFill" signature="array $data" line-rate="1" branch-rate="0" complexity="1">
              <lines>
                <line number="27" hits="9"/>
              </lines>
            </method>
          </methods>
          <lines>
            <line number="15" hits="8"/>
            <line number="16" hits="8"/>
            <line number="17" hits="8"/>
            <line number="22" hits="2"/>
            <line number="27" hits="9"/>
          </lines>
        </class>
      </classes>
    </package>
    <package name="Filament/Resources/ActivityResource/Pages/ListActivities.php" line-rate="1" branch-rate="0" complexity="2">
      <classes>
        <class name="App\Filament\Resources\ActivityResource\Pages\ListActivities" filename="Filament/Resources/ActivityResource/Pages/ListActivities.php" line-rate="1" branch-rate="0" complexity="2">
          <methods>
            <method name="getActions" signature="" line-rate="1" branch-rate="0" complexity="1">
              <lines>
                <line number="16" hits="4"/>
                <line number="17" hits="4"/>
                <line number="18" hits="4"/>
              </lines>
            </method>
            <method name="getHeaderWidgets" signature="" line-rate="1" branch-rate="0" complexity="1">
              <lines>
                <line number="23" hits="4"/>
                <line number="24" hits="4"/>
                <line number="25" hits="4"/>
              </lines>
            </method>
          </methods>
          <lines>
            <line number="16" hits="4"/>
            <line number="17" hits="4"/>
            <line number="18" hits="4"/>
            <line number="23" hits="4"/>
            <line number="24" hits="4"/>
            <line number="25" hits="4"/>
          </lines>
        </class>
      </classes>
    </package>
    <package name="Filament/Resources/ActivityResource/RelationManagers/RedemptionsRelationManager.php" line-rate="0" branch-rate="0" complexity="3">
      <classes>
        <class name="App\Filament\Resources\ActivityResource\RelationManagers\RedemptionsRelationManager" filename="Filament/Resources/ActivityResource/RelationManagers/RedemptionsRelationManager.php" line-rate="0" branch-rate="0" complexity="3">
          <methods>
            <method name="form" signature="Filament\Schemas\Schema $schema" line-rate="0" branch-rate="0" complexity="2">
              <lines>
                <line number="34" hits="0"/>
                <line number="35" hits="0"/>
                <line number="36" hits="0"/>
                <line number="37" hits="0"/>
                <line number="38" hits="0"/>
                <line number="39" hits="0"/>
                <line number="40" hits="0"/>
                <line number="41" hits="0"/>
                <line number="42" hits="0"/>
                <line number="43" hits="0"/>
                <line number="44" hits="0"/>
                <line number="45" hits="0"/>
                <line number="46" hits="0"/>
                <line number="47" hits="0"/>
                <line number="48" hits="0"/>
                <line number="49" hits="0"/>
                <line number="51" hits="0"/>
                <line number="52" hits="0"/>
                <line number="53" hits="0"/>
                <line number="55" hits="0"/>
                <line number="56" hits="0"/>
                <line number="57" hits="0"/>
                <line number="58" hits="0"/>
                <line number="59" hits="0"/>
                <line number="60" hits="0"/>
                <line number="61" hits="0"/>
                <line number="62" hits="0"/>
                <line number="63" hits="0"/>
                <line number="64" hits="0"/>
                <line number="65" hits="0"/>
                <line number="66" hits="0"/>
                <line number="67" hits="0"/>
                <line number="68" hits="0"/>
                <line number="69" hits="0"/>
                <line number="70" hits="0"/>
                <line number="71" hits="0"/>
                <line number="72" hits="0"/>
                <line number="73" hits="0"/>
                <line number="74" hits="0"/>
                <line number="75" hits="0"/>
                <line number="76" hits="0"/>
                <line number="77" hits="0"/>
                <line number="78" hits="0"/>
                <line number="80" hits="0"/>
              </lines>
            </method>
            <method name="table" signature="Filament\Tables\Table $table" line-rate="0" branch-rate="0" complexity="1">
              <lines>
                <line number="85" hits="0"/>
                <line number="86" hits="0"/>
                <line number="87" hits="0"/>
                <line number="88" hits="0"/>
                <line number="89" hits="0"/>
                <line number="90" hits="0"/>
                <line number="91" hits="0"/>
                <line number="92" hits="0"/>
                <line number="93" hits="0"/>
                <line number="94" hits="0"/>
                <line number="95" hits="0"/>
                <line number="96" hits="0"/>
                <line number="97" hits="0"/>
                <line number="98" hits="0"/>
                <line number="99" hits="0"/>
                <line number="100" hits="0"/>
                <line number="101" hits="0"/>
                <line number="102" hits="0"/>
                <line number="103" hits="0"/>
                <line number="104" hits="0"/>
                <line number="105" hits="0"/>
                <line number="106" hits="0"/>
                <line number="107" hits="0"/>
                <line number="108" hits="0"/>
                <line number="109" hits="0"/>
                <line number="112" hits="0"/>
                <line number="113" hits="0"/>
                <line number="114" hits="0"/>
                <line number="115" hits="0"/>
                <line number="116" hits="0"/>
                <line number="117" hits="0"/>
                <line number="118" hits="0"/>
                <line number="119" hits="0"/>
                <line number="120" hits="0"/>
                <line number="121" hits="0"/>
                <line number="122" hits="0"/>
                <line number="123" hits="0"/>
                <line number="124" hits="0"/>
                <line number="125" hits="0"/>
                <line number="126" hits="0"/>
                <line number="127" hits="0"/>
                <line number="128" hits="0"/>
                <line number="129" hits="0"/>
                <line number="130" hits="0"/>
                <line number="131" hits="0"/>
                <line number="132" hits="0"/>
                <line number="133" hits="0"/>
                <line number="134" hits="0"/>
                <line number="135" hits="0"/>
                <line number="136" hits="0"/>
                <line number="137" hits="0"/>
                <line number="138" hits="0"/>
                <line number="139" hits="0"/>
                <line number="140" hits="0"/>
                <line number="141" hits="0"/>
                <line number="142" hits="0"/>
                <line number="143" hits="0"/>
                <line number="144" hits="0"/>
              </lines>
            </method>
          </methods>
          <lines>
            <line number="34" hits="0"/>
            <line number="35" hits="0"/>
            <line number="36" hits="0"/>
            <line number="37" hits="0"/>
            <line number="38" hits="0"/>
            <line number="39" hits="0"/>
            <line number="40" hits="0"/>
            <line number="41" hits="0"/>
            <line number="42" hits="0"/>
            <line number="43" hits="0"/>
            <line number="44" hits="0"/>
            <line number="45" hits="0"/>
            <line number="46" hits="0"/>
            <line number="47" hits="0"/>
            <line number="48" hits="0"/>
            <line number="49" hits="0"/>
            <line number="51" hits="0"/>
            <line number="52" hits="0"/>
            <line number="53" hits="0"/>
            <line number="55" hits="0"/>
            <line number="56" hits="0"/>
            <line number="57" hits="0"/>
            <line number="58" hits="0"/>
            <line number="59" hits="0"/>
            <line number="60" hits="0"/>
            <line number="61" hits="0"/>
            <line number="62" hits="0"/>
            <line number="63" hits="0"/>
            <line number="64" hits="0"/>
            <line number="65" hits="0"/>
            <line number="66" hits="0"/>
            <line number="67" hits="0"/>
            <line number="68" hits="0"/>
            <line number="69" hits="0"/>
            <line number="70" hits="0"/>
            <line number="71" hits="0"/>
            <line number="72" hits="0"/>
            <line number="73" hits="0"/>
            <line number="74" hits="0"/>
            <line number="75" hits="0"/>
            <line number="76" hits="0"/>
            <line number="77" hits="0"/>
            <line number="78" hits="0"/>
            <line number="80" hits="0"/>
            <line number="85" hits="0"/>
            <line number="86" hits="0"/>
            <line number="87" hits="0"/>
            <line number="88" hits="0"/>
            <line number="89" hits="0"/>
            <line number="90" hits="0"/>
            <line number="91" hits="0"/>
            <line number="92" hits="0"/>
            <line number="93" hits="0"/>
            <line number="94" hits="0"/>
            <line number="95" hits="0"/>
            <line number="96" hits="0"/>
            <line number="97" hits="0"/>
            <line number="98" hits="0"/>
            <line number="99" hits="0"/>
            <line number="100" hits="0"/>
            <line number="101" hits="0"/>
            <line number="102" hits="0"/>
            <line number="103" hits="0"/>
            <line number="104" hits="0"/>
            <line number="105" hits="0"/>
            <line number="106" hits="0"/>
            <line number="107" hits="0"/>
            <line number="108" hits="0"/>
            <line number="109" hits="0"/>
            <line number="112" hits="0"/>
            <line number="113" hits="0"/>
            <line number="114" hits="0"/>
            <line number="115" hits="0"/>
            <line number="116" hits="0"/>
            <line number="117" hits="0"/>
            <line number="118" hits="0"/>
            <line number="119" hits="0"/>
            <line number="120" hits="0"/>
            <line number="121" hits="0"/>
            <line number="122" hits="0"/>
            <line number="123" hits="0"/>
            <line number="124" hits="0"/>
            <line number="125" hits="0"/>
            <line number="126" hits="0"/>
            <line number="127" hits="0"/>
            <line number="128" hits="0"/>
            <line number="129" hits="0"/>
            <line number="130" hits="0"/>
            <line number="131" hits="0"/>
            <line number="132" hits="0"/>
            <line number="133" hits="0"/>
            <line number="134" hits="0"/>
            <line number="135" hits="0"/>
            <line number="136" hits="0"/>
            <line number="137" hits="0"/>
            <line number="138" hits="0"/>
            <line number="139" hits="0"/>
            <line number="140" hits="0"/>
            <line number="141" hits="0"/>
            <line number="142" hits="0"/>
            <line number="143" hits="0"/>
            <line number="144" hits="0"/>
          </lines>
        </class>
      </classes>
    </package>
    <package name="Filament/Resources/ActivityResource/RelationManagers/SpendsRelationManager.php" line-rate="0.95348837209302" branch-rate="0" complexity="2">
      <classes>
        <class name="App\Filament\Resources\ActivityResource\RelationManagers\SpendsRelationManager" filename="Filament/Resources/ActivityResource/RelationManagers/SpendsRelationManager.php" line-rate="0.95348837209302" branch-rate="0" complexity="2">
          <methods>
            <method name="form" signature="Filament\Schemas\Schema $schema" line-rate="0" branch-rate="0" complexity="1">
              <lines>
                <line number="30" hits="0"/>
                <line number="31" hits="0"/>
              </lines>
            </method>
            <method name="table" signature="Filament\Tables\Table $table" line-rate="1" branch-rate="0" complexity="1">
              <lines>
                <line number="36" hits="1"/>
                <line number="37" hits="1"/>
                <line number="38" hits="1"/>
                <line number="39" hits="1"/>
                <line number="40" hits="1"/>
                <line number="41" hits="1"/>
                <line number="42" hits="1"/>
                <line number="43" hits="1"/>
                <line number="44" hits="1"/>
                <line number="45" hits="1"/>
                <line number="46" hits="1"/>
                <line number="47" hits="1"/>
                <line number="48" hits="1"/>
                <line number="49" hits="1"/>
                <line number="50" hits="1"/>
                <line number="51" hits="1"/>
                <line number="52" hits="1"/>
                <line number="53" hits="1"/>
                <line number="54" hits="1"/>
                <line number="55" hits="1"/>
                <line number="56" hits="1"/>
                <line number="57" hits="1"/>
                <line number="58" hits="1"/>
                <line number="59" hits="1"/>
                <line number="60" hits="1"/>
                <line number="61" hits="1"/>
                <line number="62" hits="1"/>
                <line number="63" hits="1"/>
                <line number="64" hits="1"/>
                <line number="65" hits="1"/>
                <line number="66" hits="1"/>
                <line number="68" hits="1"/>
                <line number="69" hits="1"/>
                <line number="70" hits="1"/>
                <line number="72" hits="1"/>
                <line number="73" hits="1"/>
                <line number="74" hits="1"/>
                <line number="75" hits="1"/>
                <line number="76" hits="1"/>
                <line number="77" hits="1"/>
                <line number="78" hits="1"/>
              </lines>
            </method>
          </methods>
          <lines>
            <line number="30" hits="0"/>
            <line number="31" hits="0"/>
            <line number="36" hits="1"/>
            <line number="37" hits="1"/>
            <line number="38" hits="1"/>
            <line number="39" hits="1"/>
            <line number="40" hits="1"/>
            <line number="41" hits="1"/>
            <line number="42" hits="1"/>
            <line number="43" hits="1"/>
            <line number="44" hits="1"/>
            <line number="45" hits="1"/>
            <line number="46" hits="1"/>
            <line number="47" hits="1"/>
            <line number="48" hits="1"/>
            <line number="49" hits="1"/>
            <line number="50" hits="1"/>
            <line number="51" hits="1"/>
            <line number="52" hits="1"/>
            <line number="53" hits="1"/>
            <line number="54" hits="1"/>
            <line number="55" hits="1"/>
            <line number="56" hits="1"/>
            <line number="57" hits="1"/>
            <line number="58" hits="1"/>
            <line number="59" hits="1"/>
            <line number="60" hits="1"/>
            <line number="61" hits="1"/>
            <line number="62" hits="1"/>
            <line number="63" hits="1"/>
            <line number="64" hits="1"/>
            <line number="65" hits="1"/>
            <line number="66" hits="1"/>
            <line number="68" hits="1"/>
            <line number="69" hits="1"/>
            <line number="70" hits="1"/>
            <line number="72" hits="1"/>
            <line number="73" hits="1"/>
            <line number="74" hits="1"/>
            <line number="75" hits="1"/>
            <line number="76" hits="1"/>
            <line number="77" hits="1"/>
            <line number="78" hits="1"/>
          </lines>
        </class>
      </classes>
    </package>
    <package name="Filament/Resources/ActivityResource/Widgets/ActivityTimelineChart.php" line-rate="0" branch-rate="0" complexity="23">
      <classes>
        <class name="App\Filament\Resources\ActivityResource\Widgets\ActivityTimelineChart" filename="Filament/Resources/ActivityResource/Widgets/ActivityTimelineChart.php" line-rate="0" branch-rate="0" complexity="23">
          <methods>
            <method name="getFormSchema" signature="" line-rate="0" branch-rate="0" complexity="1">
              <lines>
                <line number="42" hits="0"/>
                <line number="43" hits="0"/>
              </lines>
            </method>
            <method name="formatCardsForDataArray" signature="Illuminate\Database\Eloquent\Collection $models" line-rate="0" branch-rate="0" complexity="1">
              <lines>
                <line number="48" hits="0"/>
                <line number="49" hits="0"/>
                <line number="50" hits="0"/>
                <line number="51" hits="0"/>
                <line number="52" hits="0"/>
                <line number="53" hits="0"/>
                <line number="54" hits="0"/>
                <line number="55" hits="0"/>
                <line number="56" hits="0"/>
                <line number="57" hits="0"/>
                <line number="58" hits="0"/>
                <line number="59" hits="0"/>
                <line number="60" hits="0"/>
                <line number="61" hits="0"/>
                <line number="62" hits="0"/>
                <line number="63" hits="0"/>
                <line number="64" hits="0"/>
                <line number="65" hits="0"/>
              </lines>
            </method>
            <method name="formatForDataArray" signature="Illuminate\Database\Eloquent\Collection $models" line-rate="0" branch-rate="0" complexity="1">
              <lines>
                <line number="70" hits="0"/>
                <line number="71" hits="0"/>
                <line number="72" hits="0"/>
                <line number="73" hits="0"/>
                <line number="74" hits="0"/>
                <line number="75" hits="0"/>
                <line number="76" hits="0"/>
                <line number="77" hits="0"/>
                <line number="78" hits="0"/>
                <line number="79" hits="0"/>
                <line number="80" hits="0"/>
                <line number="81" hits="0"/>
                <line number="82" hits="0"/>
                <line number="83" hits="0"/>
                <line number="84" hits="0"/>
                <line number="85" hits="0"/>
                <line number="86" hits="0"/>
                <line number="87" hits="0"/>
              </lines>
            </method>
            <method name="setX" signature="array $data" line-rate="0" branch-rate="0" complexity="9">
              <lines>
                <line number="96" hits="0"/>
                <line number="97" hits="0"/>
                <line number="98" hits="0"/>
                <line number="99" hits="0"/>
                <line number="100" hits="0"/>
                <line number="101" hits="0"/>
                <line number="102" hits="0"/>
                <line number="103" hits="0"/>
                <line number="105" hits="0"/>
                <line number="107" hits="0"/>
                <line number="109" hits="0"/>
                <line number="110" hits="0"/>
                <line number="111" hits="0"/>
                <line number="112" hits="0"/>
                <line number="114" hits="0"/>
                <line number="117" hits="0"/>
                <line number="118" hits="0"/>
                <line number="120" hits="0"/>
                <line number="124" hits="0"/>
              </lines>
            </method>
            <method name="calcSplit" signature="array $entry" line-rate="0" branch-rate="0" complexity="2">
              <lines>
                <line number="129" hits="0"/>
                <line number="130" hits="0"/>
                <line number="131" hits="0"/>
                <line number="132" hits="0"/>
                <line number="133" hits="0"/>
                <line number="134" hits="0"/>
                <line number="136" hits="0"/>
              </lines>
            </method>
            <method name="splitPaidUnpaid" signature="array $data" line-rate="0" branch-rate="0" complexity="3">
              <lines>
                <line number="141" hits="0"/>
                <line number="143" hits="0"/>
                <line number="144" hits="0"/>
                <line number="145" hits="0"/>
                <line number="147" hits="0"/>
                <line number="148" hits="0"/>
                <line number="151" hits="0"/>
                <line number="152" hits="0"/>
                <line number="153" hits="0"/>
                <line number="154" hits="0"/>
                <line number="156" hits="0"/>
                <line number="157" hits="0"/>
                <line number="160" hits="0"/>
                <line number="162" hits="0"/>
                <line number="163" hits="0"/>
                <line number="164" hits="0"/>
              </lines>
            </method>
            <method name="getOptions" signature="" line-rate="0" branch-rate="0" complexity="1">
              <lines>
                <line number="173" hits="0"/>
                <line number="174" hits="0"/>
                <line number="175" hits="0"/>
                <line number="176" hits="0"/>
                <line number="178" hits="0"/>
                <line number="180" hits="0"/>
                <line number="181" hits="0"/>
                <line number="182" hits="0"/>
                <line number="183" hits="0"/>
                <line number="184" hits="0"/>
                <line number="185" hits="0"/>
                <line number="186" hits="0"/>
                <line number="187" hits="0"/>
                <line number="188" hits="0"/>
                <line number="189" hits="0"/>
                <line number="190" hits="0"/>
                <line number="191" hits="0"/>
                <line number="192" hits="0"/>
                <line number="193" hits="0"/>
                <line number="194" hits="0"/>
                <line number="195" hits="0"/>
                <line number="196" hits="0"/>
                <line number="197" hits="0"/>
                <line number="199" hits="0"/>
                <line number="200" hits="0"/>
                <line number="201" hits="0"/>
                <line number="202" hits="0"/>
                <line number="203" hits="0"/>
                <line number="204" hits="0"/>
                <line number="205" hits="0"/>
                <line number="206" hits="0"/>
                <line number="207" hits="0"/>
                <line number="208" hits="0"/>
                <line number="209" hits="0"/>
                <line number="210" hits="0"/>
                <line number="211" hits="0"/>
                <line number="212" hits="0"/>
                <line number="213" hits="0"/>
                <line number="214" hits="0"/>
                <line number="215" hits="0"/>
                <line number="216" hits="0"/>
                <line number="217" hits="0"/>
                <line number="218" hits="0"/>
                <line number="219" hits="0"/>
                <line number="220" hits="0"/>
                <line number="221" hits="0"/>
                <line number="222" hits="0"/>
                <line number="223" hits="0"/>
                <line number="224" hits="0"/>
                <line number="225" hits="0"/>
                <line number="226" hits="0"/>
                <line number="227" hits="0"/>
                <line number="228" hits="0"/>
                <line number="229" hits="0"/>
                <line number="230" hits="0"/>
                <line number="231" hits="0"/>
                <line number="232" hits="0"/>
                <line number="233" hits="0"/>
                <line number="234" hits="0"/>
                <line number="235" hits="0"/>
                <line number="236" hits="0"/>
                <line number="237" hits="0"/>
                <line number="238" hits="0"/>
                <line number="239" hits="0"/>
                <line number="240" hits="0"/>
                <line number="241" hits="0"/>
                <line number="242" hits="0"/>
                <line number="243" hits="0"/>
                <line number="244" hits="0"/>
                <line number="245" hits="0"/>
                <line number="247" hits="0"/>
                <line number="248" hits="0"/>
                <line number="249" hits="0"/>
                <line number="250" hits="0"/>
                <line number="251" hits="0"/>
                <line number="252" hits="0"/>
                <line number="253" hits="0"/>
                <line number="254" hits="0"/>
                <line number="256" hits="0"/>
                <line number="257" hits="0"/>
                <line number="258" hits="0"/>
                <line number="259" hits="0"/>
                <line number="260" hits="0"/>
              </lines>
            </method>
            <method name="extraJsOptions" signature="" line-rate="0" branch-rate="0" complexity="1">
              <lines>
                <line number="265" hits="0"/>
                <line number="318" hits="0"/>
              </lines>
            </method>
            <method name="getOldSchemaState" signature="string $statePath" line-rate="0" branch-rate="0" complexity="1">
              <lines>
                <line number="324" hits="0"/>
              </lines>
            </method>
            <method name="getSchema" signature="string $name" line-rate="0" branch-rate="0" complexity="1">
              <lines>
                <line number="329" hits="0"/>
              </lines>
            </method>
            <method name="currentlyValidatingSchema" signature="?Filament\Schemas\Schema $schema" line-rate="0" branch-rate="0" complexity="1">
              <lines>
                <line number="334" hits="0"/>
              </lines>
            </method>
            <method name="getDefaultTestingSchemaName" signature="" line-rate="0" branch-rate="0" complexity="1">
              <lines>
                <line number="339" hits="0"/>
              </lines>
            </method>
          </methods>
          <lines>
            <line number="42" hits="0"/>
            <line number="43" hits="0"/>
            <line number="48" hits="0"/>
            <line number="49" hits="0"/>
            <line number="50" hits="0"/>
            <line number="51" hits="0"/>
            <line number="52" hits="0"/>
            <line number="53" hits="0"/>
            <line number="54" hits="0"/>
            <line number="55" hits="0"/>
            <line number="56" hits="0"/>
            <line number="57" hits="0"/>
            <line number="58" hits="0"/>
            <line number="59" hits="0"/>
            <line number="60" hits="0"/>
            <line number="61" hits="0"/>
            <line number="62" hits="0"/>
            <line number="63" hits="0"/>
            <line number="64" hits="0"/>
            <line number="65" hits="0"/>
            <line number="70" hits="0"/>
            <line number="71" hits="0"/>
            <line number="72" hits="0"/>
            <line number="73" hits="0"/>
            <line number="74" hits="0"/>
            <line number="75" hits="0"/>
            <line number="76" hits="0"/>
            <line number="77" hits="0"/>
            <line number="78" hits="0"/>
            <line number="79" hits="0"/>
            <line number="80" hits="0"/>
            <line number="81" hits="0"/>
            <line number="82" hits="0"/>
            <line number="83" hits="0"/>
            <line number="84" hits="0"/>
            <line number="85" hits="0"/>
            <line number="86" hits="0"/>
            <line number="87" hits="0"/>
            <line number="96" hits="0"/>
            <line number="97" hits="0"/>
            <line number="98" hits="0"/>
            <line number="99" hits="0"/>
            <line number="100" hits="0"/>
            <line number="101" hits="0"/>
            <line number="102" hits="0"/>
            <line number="103" hits="0"/>
            <line number="105" hits="0"/>
            <line number="107" hits="0"/>
            <line number="109" hits="0"/>
            <line number="110" hits="0"/>
            <line number="111" hits="0"/>
            <line number="112" hits="0"/>
            <line number="114" hits="0"/>
            <line number="117" hits="0"/>
            <line number="118" hits="0"/>
            <line number="120" hits="0"/>
            <line number="124" hits="0"/>
            <line number="129" hits="0"/>
            <line number="130" hits="0"/>
            <line number="131" hits="0"/>
            <line number="132" hits="0"/>
            <line number="133" hits="0"/>
            <line number="134" hits="0"/>
            <line number="136" hits="0"/>
            <line number="141" hits="0"/>
            <line number="143" hits="0"/>
            <line number="144" hits="0"/>
            <line number="145" hits="0"/>
            <line number="147" hits="0"/>
            <line number="148" hits="0"/>
            <line number="151" hits="0"/>
            <line number="152" hits="0"/>
            <line number="153" hits="0"/>
            <line number="154" hits="0"/>
            <line number="156" hits="0"/>
            <line number="157" hits="0"/>
            <line number="160" hits="0"/>
            <line number="162" hits="0"/>
            <line number="163" hits="0"/>
            <line number="164" hits="0"/>
            <line number="173" hits="0"/>
            <line number="174" hits="0"/>
            <line number="175" hits="0"/>
            <line number="176" hits="0"/>
            <line number="178" hits="0"/>
            <line number="180" hits="0"/>
            <line number="181" hits="0"/>
            <line number="182" hits="0"/>
            <line number="183" hits="0"/>
            <line number="184" hits="0"/>
            <line number="185" hits="0"/>
            <line number="186" hits="0"/>
            <line number="187" hits="0"/>
            <line number="188" hits="0"/>
            <line number="189" hits="0"/>
            <line number="190" hits="0"/>
            <line number="191" hits="0"/>
            <line number="192" hits="0"/>
            <line number="193" hits="0"/>
            <line number="194" hits="0"/>
            <line number="195" hits="0"/>
            <line number="196" hits="0"/>
            <line number="197" hits="0"/>
            <line number="199" hits="0"/>
            <line number="200" hits="0"/>
            <line number="201" hits="0"/>
            <line number="202" hits="0"/>
            <line number="203" hits="0"/>
            <line number="204" hits="0"/>
            <line number="205" hits="0"/>
            <line number="206" hits="0"/>
            <line number="207" hits="0"/>
            <line number="208" hits="0"/>
            <line number="209" hits="0"/>
            <line number="210" hits="0"/>
            <line number="211" hits="0"/>
            <line number="212" hits="0"/>
            <line number="213" hits="0"/>
            <line number="214" hits="0"/>
            <line number="215" hits="0"/>
            <line number="216" hits="0"/>
            <line number="217" hits="0"/>
            <line number="218" hits="0"/>
            <line number="219" hits="0"/>
            <line number="220" hits="0"/>
            <line number="221" hits="0"/>
            <line number="222" hits="0"/>
            <line number="223" hits="0"/>
            <line number="224" hits="0"/>
            <line number="225" hits="0"/>
            <line number="226" hits="0"/>
            <line number="227" hits="0"/>
            <line number="228" hits="0"/>
            <line number="229" hits="0"/>
            <line number="230" hits="0"/>
            <line number="231" hits="0"/>
            <line number="232" hits="0"/>
            <line number="233" hits="0"/>
            <line number="234" hits="0"/>
            <line number="235" hits="0"/>
            <line number="236" hits="0"/>
            <line number="237" hits="0"/>
            <line number="238" hits="0"/>
            <line number="239" hits="0"/>
            <line number="240" hits="0"/>
            <line number="241" hits="0"/>
            <line number="242" hits="0"/>
            <line number="243" hits="0"/>
            <line number="244" hits="0"/>
            <line number="245" hits="0"/>
            <line number="247" hits="0"/>
            <line number="248" hits="0"/>
            <line number="249" hits="0"/>
            <line number="250" hits="0"/>
            <line number="251" hits="0"/>
            <line number="252" hits="0"/>
            <line number="253" hits="0"/>
            <line number="254" hits="0"/>
            <line number="256" hits="0"/>
            <line number="257" hits="0"/>
            <line number="258" hits="0"/>
            <line number="259" hits="0"/>
            <line number="260" hits="0"/>
            <line number="265" hits="0"/>
            <line number="318" hits="0"/>
            <line number="324" hits="0"/>
            <line number="329" hits="0"/>
            <line number="334" hits="0"/>
            <line number="339" hits="0"/>
          </lines>
        </class>
      </classes>
    </package>
    <package name="Filament/Resources/BlogPostResource.php" line-rate="1" branch-rate="0" complexity="4">
      <classes>
        <class name="App\Filament\Resources\BlogPostResource" filename="Filament/Resources/BlogPostResource.php" line-rate="1" branch-rate="0" complexity="4">
          <methods>
            <method name="form" signature="Filament\Schemas\Schema $schema" line-rate="1" branch-rate="0" complexity="1">
              <lines>
                <line number="33" hits="11"/>
                <line number="34" hits="11"/>
                <line number="35" hits="11"/>
                <line number="36" hits="11"/>
                <line number="37" hits="11"/>
                <line number="38" hits="11"/>
                <line number="39" hits="11"/>
                <line number="40" hits="11"/>
                <line number="41" hits="11"/>
                <line number="42" hits="11"/>
                <line number="43" hits="11"/>
                <line number="44" hits="11"/>
                <line number="45" hits="11"/>
                <line number="46" hits="11"/>
                <line number="47" hits="11"/>
                <line number="48" hits="11"/>
                <line number="49" hits="11"/>
                <line number="50" hits="11"/>
                <line number="51" hits="11"/>
              </lines>
            </method>
            <method name="table" signature="Filament\Tables\Table $table" line-rate="1" branch-rate="0" complexity="1">
              <lines>
                <line number="56" hits="4"/>
                <line number="57" hits="4"/>
                <line number="58" hits="4"/>
                <line number="59" hits="4"/>
                <line number="60" hits="4"/>
                <line number="61" hits="4"/>
                <line number="62" hits="4"/>
                <line number="63" hits="4"/>
                <line number="64" hits="4"/>
                <line number="65" hits="4"/>
                <line number="66" hits="4"/>
                <line number="67" hits="4"/>
                <line number="68" hits="4"/>
                <line number="69" hits="4"/>
                <line number="70" hits="4"/>
                <line number="71" hits="4"/>
                <line number="72" hits="4"/>
                <line number="73" hits="4"/>
                <line number="74" hits="4"/>
                <line number="75" hits="4"/>
                <line number="76" hits="4"/>
                <line number="77" hits="4"/>
                <line number="78" hits="4"/>
                <line number="79" hits="4"/>
                <line number="80" hits="4"/>
                <line number="81" hits="4"/>
              </lines>
            </method>
            <method name="getRelations" signature="" line-rate="1" branch-rate="0" complexity="1">
              <lines>
                <line number="86" hits="236"/>
                <line number="87" hits="236"/>
                <line number="88" hits="236"/>
              </lines>
            </method>
            <method name="getPages" signature="" line-rate="1" branch-rate="0" complexity="1">
              <lines>
                <line number="93" hits="236"/>
                <line number="94" hits="236"/>
                <line number="95" hits="236"/>
                <line number="96" hits="236"/>
                <line number="97" hits="236"/>
              </lines>
            </method>
          </methods>
          <lines>
            <line number="33" hits="11"/>
            <line number="34" hits="11"/>
            <line number="35" hits="11"/>
            <line number="36" hits="11"/>
            <line number="37" hits="11"/>
            <line number="38" hits="11"/>
            <line number="39" hits="11"/>
            <line number="40" hits="11"/>
            <line number="41" hits="11"/>
            <line number="42" hits="11"/>
            <line number="43" hits="11"/>
            <line number="44" hits="11"/>
            <line number="45" hits="11"/>
            <line number="46" hits="11"/>
            <line number="47" hits="11"/>
            <line number="48" hits="11"/>
            <line number="49" hits="11"/>
            <line number="50" hits="11"/>
            <line number="51" hits="11"/>
            <line number="56" hits="4"/>
            <line number="57" hits="4"/>
            <line number="58" hits="4"/>
            <line number="59" hits="4"/>
            <line number="60" hits="4"/>
            <line number="61" hits="4"/>
            <line number="62" hits="4"/>
            <line number="63" hits="4"/>
            <line number="64" hits="4"/>
            <line number="65" hits="4"/>
            <line number="66" hits="4"/>
            <line number="67" hits="4"/>
            <line number="68" hits="4"/>
            <line number="69" hits="4"/>
            <line number="70" hits="4"/>
            <line number="71" hits="4"/>
            <line number="72" hits="4"/>
            <line number="73" hits="4"/>
            <line number="74" hits="4"/>
            <line number="75" hits="4"/>
            <line number="76" hits="4"/>
            <line number="77" hits="4"/>
            <line number="78" hits="4"/>
            <line number="79" hits="4"/>
            <line number="80" hits="4"/>
            <line number="81" hits="4"/>
            <line number="86" hits="236"/>
            <line number="87" hits="236"/>
            <line number="88" hits="236"/>
            <line number="93" hits="236"/>
            <line number="94" hits="236"/>
            <line number="95" hits="236"/>
            <line number="96" hits="236"/>
            <line number="97" hits="236"/>
          </lines>
        </class>
      </classes>
    </package>
    <package name="Filament/Resources/BlogPostResource/Pages/CreateBlogPost.php" line-rate="0" branch-rate="0" complexity="0">
      <classes>
        <class name="App\Filament\Resources\BlogPostResource\Pages\CreateBlogPost" filename="Filament/Resources/BlogPostResource/Pages/CreateBlogPost.php" line-rate="0" branch-rate="0" complexity="0">
          <methods/>
          <lines/>
        </class>
      </classes>
    </package>
    <package name="Filament/Resources/BlogPostResource/Pages/EditBlogPost.php" line-rate="1" branch-rate="0" complexity="1">
      <classes>
        <class name="App\Filament\Resources\BlogPostResource\Pages\EditBlogPost" filename="Filament/Resources/BlogPostResource/Pages/EditBlogPost.php" line-rate="1" branch-rate="0" complexity="1">
          <methods>
            <method name="getHeaderActions" signature="" line-rate="1" branch-rate="0" complexity="1">
              <lines>
                <line number="15" hits="7"/>
                <line number="16" hits="7"/>
                <line number="17" hits="7"/>
              </lines>
            </method>
          </methods>
          <lines>
            <line number="15" hits="7"/>
            <line number="16" hits="7"/>
            <line number="17" hits="7"/>
          </lines>
        </class>
      </classes>
    </package>
    <package name="Filament/Resources/BlogPostResource/Pages/ListBlogPosts.php" line-rate="1" branch-rate="0" complexity="1">
      <classes>
        <class name="App\Filament\Resources\BlogPostResource\Pages\ListBlogPosts" filename="Filament/Resources/BlogPostResource/Pages/ListBlogPosts.php" line-rate="1" branch-rate="0" complexity="1">
          <methods>
            <method name="getHeaderActions" signature="" line-rate="1" branch-rate="0" complexity="1">
              <lines>
                <line number="15" hits="4"/>
                <line number="16" hits="4"/>
                <line number="17" hits="4"/>
              </lines>
            </method>
          </methods>
          <lines>
            <line number="15" hits="4"/>
            <line number="16" hits="4"/>
            <line number="17" hits="4"/>
          </lines>
        </class>
      </classes>
    </package>
    <package name="Filament/Resources/CardResource.php" line-rate="1" branch-rate="0" complexity="7">
      <classes>
        <class name="App\Filament\Resources\CardResource" filename="Filament/Resources/CardResource.php" line-rate="1" branch-rate="0" complexity="7">
          <methods>
            <method name="form" signature="Filament\Schemas\Schema $schema" line-rate="1" branch-rate="0" complexity="4">
              <lines>
                <line number="38" hits="10"/>
                <line number="39" hits="10"/>
                <line number="40" hits="10"/>
                <line number="41" hits="10"/>
                <line number="42" hits="10"/>
                <line number="43" hits="10"/>
                <line number="44" hits="10"/>
                <line number="45" hits="10"/>
                <line number="46" hits="10"/>
                <line number="47" hits="10"/>
                <line number="48" hits="10"/>
                <line number="49" hits="10"/>
                <line number="50" hits="10"/>
                <line number="51" hits="10"/>
                <line number="52" hits="10"/>
                <line number="53" hits="10"/>
                <line number="54" hits="10"/>
                <line number="55" hits="10"/>
                <line number="56" hits="10"/>
                <line number="57" hits="10"/>
                <line number="58" hits="10"/>
                <line number="59" hits="10"/>
                <line number="60" hits="10"/>
[...]
                <line number="61" hits="0"/>
                <line number="62" hits="0"/>
                <line number="63" hits="236"/>
              </lines>
            </method>
          </methods>
          <lines>
            <line number="17" hits="236"/>
            <line number="19" hits="236"/>
            <line number="21" hits="236"/>
            <line number="23" hits="236"/>
            <line number="24" hits="0"/>
            <line number="25" hits="0"/>
            <line number="26" hits="0"/>
            <line number="27" hits="0"/>
            <line number="28" hits="0"/>
            <line number="29" hits="0"/>
            <line number="30" hits="0"/>
            <line number="31" hits="236"/>
            <line number="39" hits="236"/>
            <line number="40" hits="0"/>
            <line number="43" hits="236"/>
            <line number="45" hits="236"/>
            <line number="46" hits="236"/>
            <line number="47" hits="236"/>
            <line number="48" hits="236"/>
            <line number="49" hits="236"/>
            <line number="59" hits="236"/>
            <line number="60" hits="0"/>
            <line number="61" hits="0"/>
            <line number="62" hits="0"/>
            <line number="63" hits="236"/>
          </lines>
        </class>
      </classes>
    </package>
    <package name="Providers/VoltServiceProvider.php" line-rate="1" branch-rate="0" complexity="2">
      <classes>
        <class name="App\Providers\VoltServiceProvider" filename="Providers/VoltServiceProvider.php" line-rate="1" branch-rate="0" complexity="2">
          <methods>
            <method name="register" signature="" line-rate="1" branch-rate="0" complexity="1">
              <lines>
                <line number="16" hits="236"/>
              </lines>
            </method>
            <method name="boot" signature="" line-rate="1" branch-rate="0" complexity="1">
              <lines>
                <line number="23" hits="236"/>
                <line number="24" hits="236"/>
                <line number="25" hits="236"/>
                <line number="26" hits="236"/>
                <line number="27" hits="236"/>
                <line number="28" hits="236"/>
              </lines>
            </method>
          </methods>
          <lines>
            <line number="16" hits="236"/>
            <line number="23" hits="236"/>
            <line number="24" hits="236"/>
            <line number="25" hits="236"/>
            <line number="26" hits="236"/>
            <line number="27" hits="236"/>
            <line number="28" hits="236"/>
          </lines>
        </class>
      </classes>
    </package>
    <package name="Rules/EmailOrPhoneRule.php" line-rate="0.88888888888889" branch-rate="0" complexity="4">
      <classes>
        <class name="App\Rules\EmailOrPhoneRule" filename="Rules/EmailOrPhoneRule.php" line-rate="0.88888888888889" branch-rate="0" complexity="4">
          <methods>
            <method name="__construct" signature="" line-rate="1" branch-rate="0" complexity="1">
              <lines>
                <line number="18" hits="2"/>
              </lines>
            </method>
            <method name="passes" signature="$attribute, $value" line-rate="1" branch-rate="0" complexity="2">
              <lines>
                <line number="30" hits="1"/>
                <line number="31" hits="1"/>
                <line number="32" hits="1"/>
                <line number="33" hits="1"/>
                <line number="34" hits="1"/>
                <line number="35" hits="1"/>
                <line number="36" hits="1"/>
              </lines>
            </method>
            <method name="message" signature="" line-rate="0" branch-rate="0" complexity="1">
              <lines>
                <line number="46" hits="0"/>
              </lines>
            </method>
          </methods>
          <lines>
            <line number="18" hits="2"/>
            <line number="30" hits="1"/>
            <line number="31" hits="1"/>
            <line number="32" hits="1"/>
            <line number="33" hits="1"/>
            <line number="34" hits="1"/>
            <line number="35" hits="1"/>
            <line number="36" hits="1"/>
            <line number="46" hits="0"/>
          </lines>
        </class>
      </classes>
    </package>
    <package name="Services/SimpleFin/SimpleFinCategorizationService.php" line-rate="0.9" branch-rate="0" complexity="11">
      <classes>
        <class name="App\Services\SimpleFin\SimpleFinCategorizationService" filename="Services/SimpleFin/SimpleFinCategorizationService.php" line-rate="0.9" branch-rate="0" complexity="11">
          <methods>
            <method name="categorize" signature="App\Models\User $user, bool $includeUnconfirmed" line-rate="0.66666666666667" branch-rate="0" complexity="3">
              <lines>
                <line number="23" hits="17"/>
                <line number="24" hits="17"/>
                <line number="25" hits="17"/>
                <line number="27" hits="17"/>
                <line number="28" hits="0"/>
                <line number="29" hits="0"/>
                <line number="30" hits="0"/>
                <line number="31" hits="0"/>
                <line number="33" hits="17"/>
                <line number="36" hits="17"/>
                <line number="38" hits="17"/>
                <line number="39" hits="11"/>
              </lines>
            </method>
            <method name="categorizeTransaction" signature="App\Models\SimpleFin\SimpleFinTransaction $transaction" line-rate="1" branch-rate="0" complexity="3">
              <lines>
                <line number="49" hits="11"/>
                <line number="50" hits="2"/>
                <line number="54" hits="10"/>
                <line number="55" hits="2"/>
              </lines>
            </method>
            <method name="applyRules" signature="App\Models\SimpleFin\SimpleFinTransaction $transaction" line-rate="1" branch-rate="0" complexity="3">
              <lines>
                <line number="64" hits="11"/>
                <line number="65" hits="11"/>
                <line number="67" hits="11"/>
                <line number="68" hits="2"/>
                <line number="69" hits="2"/>
                <line number="70" hits="2"/>
                <line number="71" hits="2"/>
                <line number="72" hits="2"/>
                <line number="73" hits="2"/>
                <line number="74" hits="2"/>
                <line number="78" hits="10"/>
              </lines>
            </method>
            <method name="applyBalanceMatch" signature="App\Models\SimpleFin\SimpleFinTransaction $transaction" line-rate="1" branch-rate="0" complexity="2">
              <lines>
                <line number="88" hits="10"/>
                <line number="89" hits="10"/>
                <line number="90" hits="10"/>
                <line number="91" hits="10"/>
                <line number="92" hits="10"/>
                <line number="94" hits="10"/>
                <line number="95" hits="2"/>
                <line number="96" hits="2"/>
                <line number="97" hits="2"/>
                <line number="98" hits="2"/>
                <line number="99" hits="2"/>
                <line number="100" hits="2"/>
                <line number="103" hits="9"/>
              </lines>
            </method>
          </methods>
          <lines>
            <line number="23" hits="17"/>
            <line number="24" hits="17"/>
            <line number="25" hits="17"/>
            <line number="27" hits="17"/>
            <line number="28" hits="0"/>
            <line number="29" hits="0"/>
            <line number="30" hits="0"/>
            <line number="31" hits="0"/>
            <line number="33" hits="17"/>
            <line number="36" hits="17"/>
            <line number="38" hits="17"/>
            <line number="39" hits="11"/>
            <line number="49" hits="11"/>
            <line number="50" hits="2"/>
            <line number="54" hits="10"/>
            <line number="55" hits="2"/>
            <line number="64" hits="11"/>
            <line number="65" hits="11"/>
            <line number="67" hits="11"/>
            <line number="68" hits="2"/>
            <line number="69" hits="2"/>
            <line number="70" hits="2"/>
            <line number="71" hits="2"/>
            <line number="72" hits="2"/>
            <line number="73" hits="2"/>
            <line number="74" hits="2"/>
            <line number="78" hits="10"/>
            <line number="88" hits="10"/>
            <line number="89" hits="10"/>
            <line number="90" hits="10"/>
            <line number="91" hits="10"/>
            <line number="92" hits="10"/>
            <line number="94" hits="10"/>
            <line number="95" hits="2"/>
            <line number="96" hits="2"/>
            <line number="97" hits="2"/>
            <line number="98" hits="2"/>
            <line number="99" hits="2"/>
            <line number="100" hits="2"/>
            <line number="103" hits="9"/>
          </lines>
        </class>
      </classes>
    </package>
    <package name="Services/SimpleFin/SimpleFinIntakeService.php" line-rate="0.95454545454545" branch-rate="0" complexity="36">
      <classes>
        <class name="App\Services\SimpleFin\SimpleFinIntakeService" filename="Services/SimpleFin/SimpleFinIntakeService.php" line-rate="0.95454545454545" branch-rate="0" complexity="36">
          <methods>
            <method name="fetchAndIntake" signature="App\Models\User $user, ?Illuminate\Support\Carbon $startDate, ?Closure $progressCallback" line-rate="0.95238095238095" branch-rate="0" complexity="7">
              <lines>
                <line number="24" hits="7"/>
                <line number="25" hits="0"/>
                <line number="28" hits="7"/>
                <line number="31" hits="7"/>
                <line number="32" hits="7"/>
                <line number="33" hits="3"/>
                <line number="36" hits="7"/>
                <line number="38" hits="7"/>
                <line number="39" hits="1"/>
                <line number="42" hits="6"/>
                <line number="44" hits="6"/>
                <line number="45" hits="5"/>
                <line number="49" hits="6"/>
                <line number="50" hits="6"/>
                <line number="51" hits="6"/>
                <line number="53" hits="6"/>
                <line number="54" hits="6"/>
                <line number="55" hits="6"/>
                <line number="56" hits="6"/>
                <line number="57" hits="5"/>
                <line number="61" hits="6"/>
              </lines>
            </method>
            <method name="intake" signature="App\Models\User $user, array $data, array $pendingData, ?Illuminate\Support\Carbon $oldestTransactionDate, ?Closure $progressCallback" line-rate="0.95505617977528" branch-rate="0" complexity="29">
              <lines>
                <line number="76" hits="13"/>
                <line number="77" hits="1"/>
                <line number="78" hits="1"/>
                <line number="80" hits="1"/>
                <line number="84" hits="12"/>
                <line number="85" hits="12"/>
                <line number="86" hits="5"/>
                <line number="87" hits="5"/>
                <line number="92" hits="12"/>
                <line number="93" hits="12"/>
                <line number="94" hits="12"/>
                <line number="97" hits="12"/>
                <line number="99" hits="12"/>
                <line number="100" hits="12"/>
                <line number="102" hits="12"/>
                <line number="103" hits="12"/>
                <line number="104" hits="12"/>
                <line number="105" hits="12"/>
                <line number="106" hits="12"/>
                <line number="107" hits="12"/>
                <line number="108" hits="12"/>
                <line number="109" hits="12"/>
                <line number="110" hits="12"/>
                <line number="111" hits="12"/>
                <line number="113" hits="12"/>
                <line number="114" hits="4"/>
                <line number="115" hits="4"/>
                <line number="119" hits="12"/>
                <line number="120" hits="12"/>
                <line number="121" hits="12"/>
                <line number="122" hits="12"/>
                <line number="123" hits="12"/>
                <line number="124" hits="12"/>
                <line number="125" hits="12"/>
                <line number="126" hits="12"/>
                <line number="127" hits="12"/>
                <line number="128" hits="12"/>
                <line number="129" hits="12"/>
                <line number="130" hits="12"/>
                <line number="133" hits="12"/>
                <line number="136" hits="12"/>
                <line number="139" hits="12"/>
                <line number="140" hits="5"/>
                <line number="141" hits="5"/>
                <line number="142" hits="5"/>
                <line number="143" hits="5"/>
                <line number="144" hits="1"/>
                <line number="145" hits="1"/>
                <line number="151" hits="12"/>
                <line number="152" hits="4"/>
                <line number="155" hits="12"/>
                <line number="156" hits="6"/>
                <line number="157" hits="6"/>
                <line number="158" hits="6"/>
                <line number="163" hits="6"/>
                <line number="164" hits="6"/>
                <line number="165" hits="1"/>
                <line number="166" hits="5"/>
                <line number="167" hits="1"/>
                <line number="168" hits="1"/>
                <line number="172" hits="6"/>
                <line number="173" hits="6"/>
                <line number="174" hits="6"/>
                <line number="175" hits="6"/>
                <line number="176" hits="6"/>
                <line number="177" hits="6"/>
                <line number="178" hits="6"/>
                <line number="179" hits="6"/>
                <line number="180" hits="6"/>
                <line number="181" hits="6"/>
                <line number="182" hits="1"/>
                <line number="184" hits="6"/>
                <line number="185" hits="6"/>
                <line number="186" hits="6"/>
                <line number="188" hits="6"/>
                <line number="189" hits="0"/>
                <line number="190" hits="0"/>
                <line number="191" hits="0"/>
                <line number="196" hits="12"/>
                <line number="197" hits="5"/>
                <line number="198" hits="5"/>
                <line number="199" hits="5"/>
                <line number="200" hits="5"/>
                <line number="202" hits="5"/>
                <line number="203" hits="0"/>
                <line number="206" hits="12"/>
                <line number="210" hits="12"/>
                <line number="212" hits="12"/>
                <line number="213" hits="4"/>
              </lines>
            </method>
          </methods>
          <lines>
            <line number="24" hits="7"/>
            <line number="25" hits="0"/>
            <line number="28" hits="7"/>
            <line number="31" hits="7"/>
            <line number="32" hits="7"/>
            <line number="33" hits="3"/>
            <line number="36" hits="7"/>
            <line number="38" hits="7"/>
            <line number="39" hits="1"/>
            <line number="42" hits="6"/>
            <line number="44" hits="6"/>
            <line number="45" hits="5"/>
            <line number="49" hits="6"/>
            <line number="50" hits="6"/>
            <line number="51" hits="6"/>
            <line number="53" hits="6"/>
            <line number="54" hits="6"/>
            <line number="55" hits="6"/>
            <line number="56" hits="6"/>
            <line number="57" hits="5"/>
            <line number="61" hits="6"/>
            <line number="76" hits="13"/>
            <line number="77" hits="1"/>
            <line number="78" hits="1"/>
            <line number="80" hits="1"/>
            <line number="84" hits="12"/>
            <line number="85" hits="12"/>
            <line number="86" hits="5"/>
            <line number="87" hits="5"/>
            <line number="92" hits="12"/>
            <line number="93" hits="12"/>
            <line number="94" hits="12"/>
            <line number="97" hits="12"/>
            <line number="99" hits="12"/>
            <line number="100" hits="12"/>
            <line number="102" hits="12"/>
            <line number="103" hits="12"/>
            <line number="104" hits="12"/>
            <line number="105" hits="12"/>
            <line number="106" hits="12"/>
            <line number="107" hits="12"/>
            <line number="108" hits="12"/>
            <line number="109" hits="12"/>
            <line number="110" hits="12"/>
            <line number="111" hits="12"/>
            <line number="113" hits="12"/>
            <line number="114" hits="4"/>
            <line number="115" hits="4"/>
            <line number="119" hits="12"/>
            <line number="120" hits="12"/>
            <line number="121" hits="12"/>
            <line number="122" hits="12"/>
            <line number="123" hits="12"/>
            <line number="124" hits="12"/>
            <line number="125" hits="12"/>
            <line number="126" hits="12"/>
            <line number="127" hits="12"/>
            <line number="128" hits="12"/>
            <line number="129" hits="12"/>
            <line number="130" hits="12"/>
            <line number="133" hits="12"/>
            <line number="136" hits="12"/>
            <line number="139" hits="12"/>
            <line number="140" hits="5"/>
            <line number="141" hits="5"/>
            <line number="142" hits="5"/>
            <line number="143" hits="5"/>
            <line number="144" hits="1"/>
            <line number="145" hits="1"/>
            <line number="151" hits="12"/>
            <line number="152" hits="4"/>
            <line number="155" hits="12"/>
            <line number="156" hits="6"/>
            <line number="157" hits="6"/>
            <line number="158" hits="6"/>
            <line number="163" hits="6"/>
            <line number="164" hits="6"/>
            <line number="165" hits="1"/>
            <line number="166" hits="5"/>
            <line number="167" hits="1"/>
            <line number="168" hits="1"/>
            <line number="172" hits="6"/>
            <line number="173" hits="6"/>
            <line number="174" hits="6"/>
            <line number="175" hits="6"/>
            <line number="176" hits="6"/>
            <line number="177" hits="6"/>
            <line number="178" hits="6"/>
            <line number="179" hits="6"/>
            <line number="180" hits="6"/>
            <line number="181" hits="6"/>
            <line number="182" hits="1"/>
            <line number="184" hits="6"/>
            <line number="185" hits="6"/>
            <line number="186" hits="6"/>
            <line number="188" hits="6"/>
            <line number="189" hits="0"/>
            <line number="190" hits="0"/>
            <line number="191" hits="0"/>
            <line number="196" hits="12"/>
            <line number="197" hits="5"/>
            <line number="198" hits="5"/>
            <line number="199" hits="5"/>
            <line number="200" hits="5"/>
            <line number="202" hits="5"/>
            <line number="203" hits="0"/>
            <line number="206" hits="12"/>
            <line number="210" hits="12"/>
            <line number="212" hits="12"/>
            <line number="213" hits="4"/>
          </lines>
        </class>
      </classes>
    </package>
  </packages>
</coverage>
